{"level":"debug","time":"2022-12-12T18:06:26.047+0530","caller":"cmd/lt.go:120","msg":"File descriptor limit 61440"}
{"level":"info","time":"2022-12-12T18:06:26.212+0530","caller":"cobra@v1.1.1/command.go:854","msg":"LambdaTest Tunnel version: 3.1.25"}
{"level":"debug","time":"2022-12-12T18:06:26.214+0530","caller":"cmd/lt.go:211","msg":"Starting pipeline....."}
{"level":"debug","time":"2022-12-12T18:06:26.214+0530","caller":"cmd/lt.go:211","msg":"OS: darwin, Arch: amd64"}
{"level":"debug","time":"2022-12-12T18:06:26.214+0530","caller":"cmd/lt.go:211","msg":"Fetching config"}
{"level":"debug","time":"2022-12-12T18:06:26.215+0530","caller":"runtime/asm_amd64.s:1594","msg":"Starting tunnel With flags: --user shubhamr --key ***** --infoAPIPort 57553 --load-balanced --mitm --callbackURL http://127.0.0.1:57554 --shared-tunnel true --tunnelName RLWebRegressionTunnel"}
{"level":"debug","time":"2022-12-12T18:06:26.988+0530","caller":"cmd/lt.go:211","msg":"Remote config fetched"}
{"level":"debug","time":"2022-12-12T18:06:27.249+0530","caller":"runtime/asm_amd64.s:1594","msg":"Trying on port 22"}
{"level":"debug","time":"2022-12-12T18:06:27.249+0530","caller":"core/lifecycle.go:152","msg":"Starting API server"}
{"level":"debug","time":"2022-12-12T18:06:27.249+0530","caller":"runtime/asm_amd64.s:1594","msg":"Trying on port 443"}
{"level":"debug","time":"2022-12-12T18:06:27.249+0530","caller":"runtime/asm_amd64.s:1594","msg":"Trying over ssh over ws"}
{"level":"debug","time":"2022-12-12T18:06:27.249+0530","caller":"core/lifecycle.go:138","msg":"Starting sink proxy"}
{"level":"debug","time":"2022-12-12T18:06:27.249+0530","caller":"runtime/asm_amd64.s:1594","msg":"Starting the callback agent"}
{"level":"debug","time":"2022-12-12T18:06:27.251+0530","caller":"apiserver/setup.go:173","msg":"Starting API server for tunnel info on port: 57553"}
{"level":"info","time":"2022-12-12T18:06:27.251+0530","caller":"custom/setup.go:749","msg":"Tunnel binary started on port :9090"}
{"level":"debug","time":"2022-12-12T18:06:27.361+0530","caller":"runtime/asm_amd64.s:1594","msg":"WSS connection was successful"}
{"level":"debug","time":"2022-12-12T18:06:28.080+0530","caller":"runtime/asm_amd64.s:1594","msg":"SSH connection over ws successful"}
{"level":"debug","time":"2022-12-12T18:06:28.081+0530","caller":"runtime/asm_amd64.s:1594","msg":"SSH connection over port 443 successful"}
{"level":"debug","time":"2022-12-12T18:06:28.108+0530","caller":"runtime/asm_amd64.s:1594","msg":"SSH connection over port 22 successful"}
{"level":"info","time":"2022-12-12T18:06:28.108+0530","caller":"core/lifecycle.go:115","msg":"Using ssh(over_22) :: connection mode"}
{"level":"info","time":"2022-12-12T18:06:28.109+0530","caller":"cmd/lt.go:211","msg":"Launching tunnel"}
{"level":"debug","time":"2022-12-12T18:06:28.109+0530","caller":"core/lifecycle.go:233","msg":"Starting control ws connection at wss://ts.lambdatest.com/monitor"}
{"level":"debug","time":"2022-12-12T18:06:28.480+0530","caller":"core/lifecycle.go:233","msg":"Control ws channel opened"}
{"level":"debug","time":"2022-12-12T18:06:28.481+0530","caller":"runtime/asm_amd64.s:1594","msg":"Starting message listener on control connection"}
{"level":"debug","time":"2022-12-12T18:06:30.000+0530","caller":"runtime/asm_amd64.s:1594","msg":"Sending tunnel registered message to channels"}
{"level":"debug","time":"2022-12-12T18:06:30.001+0530","caller":"core/lifecycle.go:283","msg":"Using 5 ssh connection"}
{"level":"debug","time":"2022-12-12T18:06:30.001+0530","caller":"runtime/asm_amd64.s:1594","msg":"Tunnel registered message received on control channel"}
{"level":"debug","time":"2022-12-12T18:06:30.001+0530","caller":"runtime/asm_amd64.s:1594","msg":"controller bus registered"}
{"level":"debug","time":"2022-12-12T18:06:30.762+0530","caller":"runtime/asm_amd64.s:1594","msg":"Successfully started sshd listener on port: 27778"}
{"level":"debug","time":"2022-12-12T18:06:30.787+0530","caller":"runtime/asm_amd64.s:1594","msg":"Successfully started sshd listener on port: 20214"}
{"level":"info","time":"2022-12-12T18:06:30.788+0530","caller":"runtime/asm_amd64.s:1594","msg":"You can start testing now"}
{"level":"info","time":"2022-12-12T18:06:30.788+0530","caller":"runtime/asm_amd64.s:1594","msg":"Tunnel ID: 2763856"}
{"level":"debug","time":"2022-12-12T18:06:30.788+0530","caller":"runtime/asm_amd64.s:1594","msg":"Remote Listener Started on Port 9314"}
{"level":"debug","time":"2022-12-12T18:06:30.820+0530","caller":"runtime/asm_amd64.s:1594","msg":"Successfully started sshd listener on port: 5006"}
{"level":"debug","time":"2022-12-12T18:06:30.871+0530","caller":"runtime/asm_amd64.s:1594","msg":"Successfully started sshd listener on port: 29465"}
{"level":"debug","time":"2022-12-12T18:06:30.871+0530","caller":"runtime/asm_amd64.s:1594","msg":"Successfully started sshd listener on port: 18153"}
{"level":"error","time":"2022-12-12T18:06:31.936+0530","caller":"runtime/asm_amd64.s:1594","msg":"ERR::API::WEB::HOK : Unable to call webhook url :  \nPost \"http://127.0.0.1:57554\": EOF "}
{"level":"debug","time":"2022-12-12T18:31:54.742+0530","caller":"cobra@v1.1.1/command.go:854","msg":"main: received interrupt signal - attempting graceful shutdown ...."}
{"level":"debug","time":"2022-12-12T18:31:54.743+0530","caller":"cobra@v1.1.1/command.go:854","msg":"main: telling goroutines to stop"}
{"level":"debug","time":"2022-12-12T18:31:54.743+0530","caller":"runtime/asm_amd64.s:1594","msg":"Shutting down the callback agent"}
{"level":"debug","time":"2022-12-12T18:31:54.743+0530","caller":"cmd/lt.go:211","msg":"Context cancelled"}
{"level":"info","time":"2022-12-12T18:31:54.743+0530","caller":"cmd/lt.go:211","msg":"Stopping tunnel"}
{"level":"debug","time":"2022-12-12T18:31:54.743+0530","caller":"custom/setup.go:749","msg":"Exiting the sink proxy"}
{"level":"debug","time":"2022-12-12T18:31:54.745+0530","caller":"runtime/asm_amd64.s:1594","msg":"Shutting down the server"}
{"level":"debug","time":"2022-12-12T18:31:54.747+0530","caller":"runtime/asm_amd64.s:1594","msg":"Unusual close error on control channel..."}
{"level":"debug","time":"2022-12-12T18:31:54.747+0530","caller":"runtime/asm_amd64.s:1594","msg":"Write loop ended for control channel"}
{"level":"debug","time":"2022-12-12T18:31:56.677+0530","caller":"runtime/asm_amd64.s:1594","msg":"Remote connection on remote port: 29465 closed, reason: EOF"}
{"level":"debug","time":"2022-12-12T18:31:56.678+0530","caller":"runtime/asm_amd64.s:1594","msg":"Remote connection on remote port: 5006 closed, reason: EOF"}
{"level":"debug","time":"2022-12-12T18:31:56.678+0530","caller":"runtime/asm_amd64.s:1594","msg":"Remote connection on remote port: 20214 closed, reason: EOF"}
{"level":"debug","time":"2022-12-12T18:31:56.678+0530","caller":"runtime/asm_amd64.s:1594","msg":"closed ssh connection with port 5006"}
{"level":"debug","time":"2022-12-12T18:31:56.678+0530","caller":"runtime/asm_amd64.s:1594","msg":"closed ssh connection with port 20214"}
{"level":"debug","time":"2022-12-12T18:31:56.679+0530","caller":"runtime/asm_amd64.s:1594","msg":"closed ssh connection with port 29465"}
{"level":"debug","time":"2022-12-12T18:31:56.679+0530","caller":"runtime/asm_amd64.s:1594","msg":"Remote connection on remote port: 18153 closed, reason: EOF"}
{"level":"debug","time":"2022-12-12T18:31:56.679+0530","caller":"runtime/asm_amd64.s:1594","msg":"closed ssh connection with port 18153"}
{"level":"debug","time":"2022-12-12T18:31:56.679+0530","caller":"runtime/asm_amd64.s:1594","msg":"Remote connection on remote port: 27778 closed, reason: EOF"}
{"level":"debug","time":"2022-12-12T18:31:56.679+0530","caller":"runtime/asm_amd64.s:1594","msg":"closed ssh connection with port 27778"}
{"level":"debug","time":"2022-12-12T20:25:29.715+0530","caller":"cmd/lt.go:120","msg":"File descriptor limit 61440"}
{"level":"info","time":"2022-12-12T20:25:30.085+0530","caller":"cobra@v1.1.1/command.go:854","msg":"LambdaTest Tunnel version: 3.1.25"}
{"level":"debug","time":"2022-12-12T20:25:30.087+0530","caller":"cmd/lt.go:211","msg":"Starting pipeline....."}
{"level":"debug","time":"2022-12-12T20:25:30.087+0530","caller":"cmd/lt.go:211","msg":"OS: darwin, Arch: amd64"}
{"level":"debug","time":"2022-12-12T20:25:30.087+0530","caller":"cmd/lt.go:211","msg":"Fetching config"}
{"level":"debug","time":"2022-12-12T20:25:30.087+0530","caller":"runtime/asm_amd64.s:1594","msg":"Starting tunnel With flags: --user shubhamr --key ***** --infoAPIPort 59497 --load-balanced --mitm --callbackURL http://127.0.0.1:59498 --shared-tunnel true --tunnelName RLWebRegressionTunnel"}
{"level":"debug","time":"2022-12-12T20:25:30.704+0530","caller":"cmd/lt.go:211","msg":"Remote config fetched"}
{"level":"debug","time":"2022-12-12T20:25:30.835+0530","caller":"runtime/asm_amd64.s:1594","msg":"Starting the callback agent"}
{"level":"debug","time":"2022-12-12T20:25:30.835+0530","caller":"core/lifecycle.go:152","msg":"Starting API server"}
{"level":"debug","time":"2022-12-12T20:25:30.835+0530","caller":"runtime/asm_amd64.s:1594","msg":"Trying over ssh over ws"}
{"level":"debug","time":"2022-12-12T20:25:30.835+0530","caller":"runtime/asm_amd64.s:1594","msg":"Trying on port 22"}
{"level":"debug","time":"2022-12-12T20:25:30.838+0530","caller":"apiserver/setup.go:173","msg":"Starting API server for tunnel info on port: 59497"}
{"level":"debug","time":"2022-12-12T20:25:30.835+0530","caller":"runtime/asm_amd64.s:1594","msg":"Trying on port 443"}
{"level":"debug","time":"2022-12-12T20:25:30.835+0530","caller":"core/lifecycle.go:138","msg":"Starting sink proxy"}
{"level":"info","time":"2022-12-12T20:25:30.839+0530","caller":"custom/setup.go:749","msg":"Tunnel binary started on port :9090"}
{"level":"debug","time":"2022-12-12T20:25:30.940+0530","caller":"runtime/asm_amd64.s:1594","msg":"WSS connection was successful"}
{"level":"debug","time":"2022-12-12T20:25:31.559+0530","caller":"runtime/asm_amd64.s:1594","msg":"SSH connection over ws successful"}
{"level":"debug","time":"2022-12-12T20:25:31.604+0530","caller":"runtime/asm_amd64.s:1594","msg":"SSH connection over port 22 successful"}
{"level":"debug","time":"2022-12-12T20:25:31.622+0530","caller":"runtime/asm_amd64.s:1594","msg":"SSH connection over port 443 successful"}
{"level":"info","time":"2022-12-12T20:25:31.623+0530","caller":"core/lifecycle.go:115","msg":"Using ssh(over_22) :: connection mode"}
{"level":"info","time":"2022-12-12T20:25:31.623+0530","caller":"cmd/lt.go:211","msg":"Launching tunnel"}
{"level":"debug","time":"2022-12-12T20:25:31.624+0530","caller":"core/lifecycle.go:233","msg":"Starting control ws connection at wss://ts.lambdatest.com/monitor"}
{"level":"debug","time":"2022-12-12T20:25:32.132+0530","caller":"core/lifecycle.go:233","msg":"Control ws channel opened"}
{"level":"debug","time":"2022-12-12T20:25:32.133+0530","caller":"runtime/asm_amd64.s:1594","msg":"Starting message listener on control connection"}
{"level":"debug","time":"2022-12-12T20:25:34.286+0530","caller":"runtime/asm_amd64.s:1594","msg":"Sending tunnel registered message to channels"}
{"level":"debug","time":"2022-12-12T20:25:34.287+0530","caller":"core/lifecycle.go:283","msg":"Using 5 ssh connection"}
{"level":"debug","time":"2022-12-12T20:25:34.287+0530","caller":"runtime/asm_amd64.s:1594","msg":"Tunnel registered message received on control channel"}
{"level":"debug","time":"2022-12-12T20:25:34.288+0530","caller":"runtime/asm_amd64.s:1594","msg":"controller bus registered"}
{"level":"debug","time":"2022-12-12T20:25:35.136+0530","caller":"runtime/asm_amd64.s:1594","msg":"Successfully started sshd listener on port: 25914"}
{"level":"debug","time":"2022-12-12T20:25:35.136+0530","caller":"runtime/asm_amd64.s:1594","msg":"Successfully started sshd listener on port: 26046"}
{"level":"info","time":"2022-12-12T20:25:35.137+0530","caller":"runtime/asm_amd64.s:1594","msg":"You can start testing now"}
{"level":"info","time":"2022-12-12T20:25:35.137+0530","caller":"runtime/asm_amd64.s:1594","msg":"Tunnel ID: 2764650"}
{"level":"debug","time":"2022-12-12T20:25:35.137+0530","caller":"runtime/asm_amd64.s:1594","msg":"Remote Listener Started on Port 6051"}
{"level":"debug","time":"2022-12-12T20:25:35.138+0530","caller":"runtime/asm_amd64.s:1594","msg":"Successfully started sshd listener on port: 2438"}
{"level":"debug","time":"2022-12-12T20:25:35.191+0530","caller":"runtime/asm_amd64.s:1594","msg":"Successfully started sshd listener on port: 22358"}
{"level":"debug","time":"2022-12-12T20:25:35.210+0530","caller":"runtime/asm_amd64.s:1594","msg":"Successfully started sshd listener on port: 24240"}
{"level":"error","time":"2022-12-12T20:25:35.949+0530","caller":"runtime/asm_amd64.s:1594","msg":"ERR::API::WEB::HOK : Unable to call webhook url :  \nPost \"http://127.0.0.1:59498\": EOF "}
{"level":"debug","time":"2022-12-12T20:26:47.589+0530","caller":"cmd/lt.go:211","msg":"Context cancelled"}
{"level":"info","time":"2022-12-12T20:26:47.589+0530","caller":"cmd/lt.go:211","msg":"Stopping tunnel"}
{"level":"debug","time":"2022-12-12T20:26:47.590+0530","caller":"runtime/asm_amd64.s:1594","msg":"Shutting down the server"}
{"level":"debug","time":"2022-12-12T20:26:47.590+0530","caller":"runtime/asm_amd64.s:1594","msg":"Shutting down the callback agent"}
{"level":"debug","time":"2022-12-12T20:26:47.589+0530","caller":"custom/setup.go:749","msg":"Exiting the sink proxy"}
{"level":"debug","time":"2022-12-12T20:26:47.591+0530","caller":"runtime/asm_amd64.s:1594","msg":"Unusual close error on control channel..."}
{"level":"debug","time":"2022-12-12T20:26:47.591+0530","caller":"runtime/asm_amd64.s:1594","msg":"Write loop ended for control channel"}
{"level":"debug","time":"2022-12-12T20:26:48.258+0530","caller":"runtime/asm_amd64.s:1594","msg":"Remote connection on remote port: 25914 closed, reason: EOF"}
{"level":"debug","time":"2022-12-12T20:26:48.259+0530","caller":"runtime/asm_amd64.s:1594","msg":"Remote connection on remote port: 22358 closed, reason: EOF"}
{"level":"debug","time":"2022-12-12T20:26:48.259+0530","caller":"runtime/asm_amd64.s:1594","msg":"Remote connection on remote port: 26046 closed, reason: EOF"}
{"level":"debug","time":"2022-12-12T20:26:48.260+0530","caller":"runtime/asm_amd64.s:1594","msg":"closed ssh connection with port 22358"}
{"level":"debug","time":"2022-12-12T20:26:48.260+0530","caller":"runtime/asm_amd64.s:1594","msg":"closed ssh connection with port 26046"}
{"level":"debug","time":"2022-12-12T20:26:48.261+0530","caller":"runtime/asm_amd64.s:1594","msg":"closed ssh connection with port 25914"}
{"level":"debug","time":"2022-12-12T20:26:48.261+0530","caller":"runtime/asm_amd64.s:1594","msg":"Remote connection on remote port: 2438 closed, reason: EOF"}
{"level":"debug","time":"2022-12-12T20:26:48.261+0530","caller":"runtime/asm_amd64.s:1594","msg":"Remote connection on remote port: 24240 closed, reason: EOF"}
{"level":"debug","time":"2022-12-12T20:26:48.261+0530","caller":"runtime/asm_amd64.s:1594","msg":"closed ssh connection with port 2438"}
{"level":"debug","time":"2022-12-12T20:26:48.261+0530","caller":"runtime/asm_amd64.s:1594","msg":"closed ssh connection with port 24240"}
{"level":"info","time":"2022-12-12T20:26:48.472+0530","caller":"cmd/lt.go:211","msg":"Tunnel stopped successfully"}
{"level":"debug","time":"2022-12-12T20:26:48.472+0530","caller":"cmd/lt.go:211","msg":"Quit requested from main goroutine...."}
{"level":"debug","time":"2022-12-12T20:26:48.472+0530","caller":"cmd/lt.go:211","msg":"Waiting for the goroutines to exit"}
{"level":"debug","time":"2022-12-12T20:26:48.472+0530","caller":"cmd/lt.go:211","msg":"All goroutines exited"}
{"level":"debug","time":"2022-12-12T20:26:48.473+0530","caller":"runtime/asm_amd64.s:1594","msg":"main: all goroutines have finished."}
{"level":"debug","time":"2022-12-12T20:27:47.799+0530","caller":"cmd/lt.go:120","msg":"File descriptor limit 61440"}
{"level":"info","time":"2022-12-12T20:27:47.888+0530","caller":"cobra@v1.1.1/command.go:854","msg":"LambdaTest Tunnel version: 3.1.25"}
{"level":"debug","time":"2022-12-12T20:27:47.889+0530","caller":"cmd/lt.go:211","msg":"Starting pipeline....."}
{"level":"debug","time":"2022-12-12T20:27:47.890+0530","caller":"cmd/lt.go:211","msg":"OS: darwin, Arch: amd64"}
{"level":"debug","time":"2022-12-12T20:27:47.890+0530","caller":"cmd/lt.go:211","msg":"Fetching config"}
{"level":"debug","time":"2022-12-12T20:27:47.890+0530","caller":"runtime/asm_amd64.s:1594","msg":"Starting tunnel With flags: --user shubhamr --key ***** --infoAPIPort 59559 --load-balanced --mitm --callbackURL http://127.0.0.1:59560 --shared-tunnel true --tunnelName RLWebRegressionTunnel"}
{"level":"debug","time":"2022-12-12T20:27:48.370+0530","caller":"cmd/lt.go:211","msg":"Remote config fetched"}
{"level":"debug","time":"2022-12-12T20:27:48.626+0530","caller":"runtime/asm_amd64.s:1594","msg":"Starting the callback agent"}
{"level":"debug","time":"2022-12-12T20:27:48.626+0530","caller":"runtime/asm_amd64.s:1594","msg":"Trying on port 22"}
{"level":"debug","time":"2022-12-12T20:27:48.626+0530","caller":"core/lifecycle.go:138","msg":"Starting sink proxy"}
{"level":"debug","time":"2022-12-12T20:27:48.626+0530","caller":"core/lifecycle.go:152","msg":"Starting API server"}
{"level":"debug","time":"2022-12-12T20:27:48.627+0530","caller":"apiserver/setup.go:173","msg":"Starting API server for tunnel info on port: 59559"}
{"level":"debug","time":"2022-12-12T20:27:48.626+0530","caller":"runtime/asm_amd64.s:1594","msg":"Trying over ssh over ws"}
{"level":"debug","time":"2022-12-12T20:27:48.626+0530","caller":"runtime/asm_amd64.s:1594","msg":"Trying on port 443"}
{"level":"info","time":"2022-12-12T20:27:48.628+0530","caller":"custom/setup.go:749","msg":"Tunnel binary started on port :9090"}
{"level":"debug","time":"2022-12-12T20:27:48.745+0530","caller":"runtime/asm_amd64.s:1594","msg":"WSS connection was successful"}
{"level":"debug","time":"2022-12-12T20:27:49.358+0530","caller":"runtime/asm_amd64.s:1594","msg":"SSH connection over port 443 successful"}
{"level":"debug","time":"2022-12-12T20:27:49.442+0530","caller":"runtime/asm_amd64.s:1594","msg":"SSH connection over ws successful"}
{"level":"debug","time":"2022-12-12T20:27:49.442+0530","caller":"runtime/asm_amd64.s:1594","msg":"SSH connection over port 22 successful"}
{"level":"info","time":"2022-12-12T20:27:49.443+0530","caller":"core/lifecycle.go:115","msg":"Using ssh(over_22) :: connection mode"}
{"level":"info","time":"2022-12-12T20:27:49.443+0530","caller":"cmd/lt.go:211","msg":"Launching tunnel"}
{"level":"debug","time":"2022-12-12T20:27:49.443+0530","caller":"core/lifecycle.go:233","msg":"Starting control ws connection at wss://ts.lambdatest.com/monitor"}
{"level":"debug","time":"2022-12-12T20:27:50.473+0530","caller":"core/lifecycle.go:233","msg":"Control ws channel opened"}
{"level":"debug","time":"2022-12-12T20:27:50.473+0530","caller":"runtime/asm_amd64.s:1594","msg":"Starting message listener on control connection"}
{"level":"debug","time":"2022-12-12T20:27:51.833+0530","caller":"runtime/asm_amd64.s:1594","msg":"Sending tunnel registered message to channels"}
{"level":"debug","time":"2022-12-12T20:27:51.835+0530","caller":"core/lifecycle.go:283","msg":"Using 5 ssh connection"}
{"level":"debug","time":"2022-12-12T20:27:51.835+0530","caller":"runtime/asm_amd64.s:1594","msg":"Tunnel registered message received on control channel"}
{"level":"debug","time":"2022-12-12T20:27:51.840+0530","caller":"runtime/asm_amd64.s:1594","msg":"controller bus registered"}
{"level":"debug","time":"2022-12-12T20:27:52.627+0530","caller":"runtime/asm_amd64.s:1594","msg":"Successfully started sshd listener on port: 22416"}
{"level":"debug","time":"2022-12-12T20:27:52.650+0530","caller":"runtime/asm_amd64.s:1594","msg":"Successfully started sshd listener on port: 6096"}
{"level":"info","time":"2022-12-12T20:27:52.650+0530","caller":"runtime/asm_amd64.s:1594","msg":"You can start testing now"}
{"level":"info","time":"2022-12-12T20:27:52.650+0530","caller":"runtime/asm_amd64.s:1594","msg":"Tunnel ID: 2764664"}
{"level":"debug","time":"2022-12-12T20:27:52.650+0530","caller":"runtime/asm_amd64.s:1594","msg":"Remote Listener Started on Port 11137"}
{"level":"debug","time":"2022-12-12T20:27:52.657+0530","caller":"runtime/asm_amd64.s:1594","msg":"Successfully started sshd listener on port: 4436"}
{"level":"debug","time":"2022-12-12T20:27:52.723+0530","caller":"runtime/asm_amd64.s:1594","msg":"Successfully started sshd listener on port: 4717"}
{"level":"debug","time":"2022-12-12T20:27:52.723+0530","caller":"runtime/asm_amd64.s:1594","msg":"Successfully started sshd listener on port: 17772"}
{"level":"error","time":"2022-12-12T20:27:53.739+0530","caller":"runtime/asm_amd64.s:1594","msg":"ERR::API::WEB::HOK : Unable to call webhook url :  \nPost \"http://127.0.0.1:59560\": EOF "}
{"level":"debug","time":"2022-12-12T20:29:03.507+0530","caller":"cmd/lt.go:211","msg":"Context cancelled"}
{"level":"info","time":"2022-12-12T20:29:03.508+0530","caller":"cmd/lt.go:211","msg":"Stopping tunnel"}
{"level":"debug","time":"2022-12-12T20:29:03.508+0530","caller":"runtime/asm_amd64.s:1594","msg":"Unusual close error on control channel..."}
{"level":"debug","time":"2022-12-12T20:29:03.508+0530","caller":"runtime/asm_amd64.s:1594","msg":"Write loop ended for control channel"}
{"level":"debug","time":"2022-12-12T20:29:03.507+0530","caller":"runtime/asm_amd64.s:1594","msg":"Shutting down the server"}
{"level":"debug","time":"2022-12-12T20:29:03.508+0530","caller":"runtime/asm_amd64.s:1594","msg":"Shutting down the callback agent"}
{"level":"debug","time":"2022-12-12T20:29:03.507+0530","caller":"custom/setup.go:749","msg":"Exiting the sink proxy"}
{"level":"debug","time":"2022-12-12T20:29:04.212+0530","caller":"runtime/asm_amd64.s:1594","msg":"Remote connection on remote port: 17772 closed, reason: EOF"}
{"level":"debug","time":"2022-12-12T20:29:04.212+0530","caller":"runtime/asm_amd64.s:1594","msg":"Remote connection on remote port: 6096 closed, reason: EOF"}
{"level":"debug","time":"2022-12-12T20:29:04.212+0530","caller":"runtime/asm_amd64.s:1594","msg":"closed ssh connection with port 6096"}
{"level":"debug","time":"2022-12-12T20:29:04.212+0530","caller":"runtime/asm_amd64.s:1594","msg":"closed ssh connection with port 17772"}
{"level":"debug","time":"2022-12-12T20:29:04.215+0530","caller":"runtime/asm_amd64.s:1594","msg":"Remote connection on remote port: 4436 closed, reason: EOF"}
{"level":"debug","time":"2022-12-12T20:29:04.215+0530","caller":"runtime/asm_amd64.s:1594","msg":"closed ssh connection with port 4436"}
{"level":"debug","time":"2022-12-12T20:29:04.215+0530","caller":"runtime/asm_amd64.s:1594","msg":"Remote connection on remote port: 4717 closed, reason: EOF"}
{"level":"debug","time":"2022-12-12T20:29:04.215+0530","caller":"runtime/asm_amd64.s:1594","msg":"closed ssh connection with port 4717"}
{"level":"debug","time":"2022-12-12T20:29:04.217+0530","caller":"runtime/asm_amd64.s:1594","msg":"Remote connection on remote port: 22416 closed, reason: EOF"}
{"level":"debug","time":"2022-12-12T20:29:04.217+0530","caller":"runtime/asm_amd64.s:1594","msg":"closed ssh connection with port 22416"}
{"level":"debug","time":"2022-12-13T14:00:57.655+0530","caller":"cmd/lt.go:120","msg":"File descriptor limit 61440"}
{"level":"info","time":"2022-12-13T14:00:57.869+0530","caller":"cobra@v1.1.1/command.go:854","msg":"LambdaTest Tunnel version: 3.1.25"}
{"level":"debug","time":"2022-12-13T14:00:57.870+0530","caller":"cmd/lt.go:211","msg":"Starting pipeline....."}
{"level":"debug","time":"2022-12-13T14:00:57.870+0530","caller":"cmd/lt.go:211","msg":"OS: darwin, Arch: amd64"}
{"level":"debug","time":"2022-12-13T14:00:57.870+0530","caller":"cmd/lt.go:211","msg":"Fetching config"}
{"level":"debug","time":"2022-12-13T14:00:57.871+0530","caller":"runtime/asm_amd64.s:1594","msg":"Starting tunnel With flags: --user shubhamr --key ***** --infoAPIPort 55144 --load-balanced --mitm --callbackURL http://127.0.0.1:55145 --shared-tunnel true --tunnelName RLWebRegressionTunnel"}
{"level":"debug","time":"2022-12-13T14:00:58.457+0530","caller":"cmd/lt.go:211","msg":"Remote config fetched"}
{"level":"debug","time":"2022-12-13T14:00:58.717+0530","caller":"runtime/asm_amd64.s:1594","msg":"Starting the callback agent"}
{"level":"debug","time":"2022-12-13T14:00:58.717+0530","caller":"runtime/asm_amd64.s:1594","msg":"Trying over ssh over ws"}
{"level":"debug","time":"2022-12-13T14:00:58.717+0530","caller":"core/lifecycle.go:152","msg":"Starting API server"}
{"level":"debug","time":"2022-12-13T14:00:58.717+0530","caller":"runtime/asm_amd64.s:1594","msg":"Trying on port 443"}
{"level":"debug","time":"2022-12-13T14:00:58.717+0530","caller":"runtime/asm_amd64.s:1594","msg":"Trying on port 22"}
{"level":"debug","time":"2022-12-13T14:00:58.719+0530","caller":"apiserver/setup.go:173","msg":"Starting API server for tunnel info on port: 55144"}
{"level":"debug","time":"2022-12-13T14:00:58.717+0530","caller":"core/lifecycle.go:138","msg":"Starting sink proxy"}
{"level":"info","time":"2022-12-13T14:00:58.720+0530","caller":"custom/setup.go:749","msg":"Tunnel binary started on port :9090"}
{"level":"debug","time":"2022-12-13T14:00:58.862+0530","caller":"runtime/asm_amd64.s:1594","msg":"WSS connection was successful"}
{"level":"debug","time":"2022-12-13T14:00:59.688+0530","caller":"runtime/asm_amd64.s:1594","msg":"SSH connection over port 443 successful"}
{"level":"debug","time":"2022-12-13T14:00:59.719+0530","caller":"runtime/asm_amd64.s:1594","msg":"SSH connection over ws successful"}
{"level":"debug","time":"2022-12-13T14:00:59.719+0530","caller":"runtime/asm_amd64.s:1594","msg":"SSH connection over port 22 successful"}
{"level":"info","time":"2022-12-13T14:00:59.720+0530","caller":"core/lifecycle.go:115","msg":"Using ssh(over_22) :: connection mode"}
{"level":"info","time":"2022-12-13T14:00:59.721+0530","caller":"cmd/lt.go:211","msg":"Launching tunnel"}
{"level":"debug","time":"2022-12-13T14:00:59.721+0530","caller":"core/lifecycle.go:233","msg":"Starting control ws connection at wss://ts.lambdatest.com/monitor"}
{"level":"debug","time":"2022-12-13T14:01:01.783+0530","caller":"runtime/asm_amd64.s:1594","msg":"Sending tunnel registered message to channels"}
{"level":"debug","time":"2022-12-13T14:01:01.784+0530","caller":"core/lifecycle.go:283","msg":"Using 5 ssh connection"}
{"level":"debug","time":"2022-12-13T14:01:02.779+0530","caller":"runtime/asm_amd64.s:1594","msg":"Successfully started sshd listener on port: 4478"}
{"level":"debug","time":"2022-12-13T14:01:02.826+0530","caller":"runtime/asm_amd64.s:1594","msg":"Successfully started sshd listener on port: 26072"}
{"level":"debug","time":"2022-12-13T14:01:02.826+0530","caller":"runtime/asm_amd64.s:1594","msg":"Successfully started sshd listener on port: 4158"}
{"level":"info","time":"2022-12-13T14:01:02.826+0530","caller":"runtime/asm_amd64.s:1594","msg":"You can start testing now"}
{"level":"info","time":"2022-12-13T14:01:02.827+0530","caller":"runtime/asm_amd64.s:1594","msg":"Tunnel ID: 2769199"}
{"level":"debug","time":"2022-12-13T14:01:02.827+0530","caller":"runtime/asm_amd64.s:1594","msg":"Remote Listener Started on Port 13960"}
{"level":"debug","time":"2022-12-13T14:01:02.897+0530","caller":"runtime/asm_amd64.s:1594","msg":"Successfully started sshd listener on port: 16503"}
{"level":"debug","time":"2022-12-13T14:01:03.028+0530","caller":"runtime/asm_amd64.s:1594","msg":"Successfully started sshd listener on port: 23555"}
{"level":"error","time":"2022-12-13T14:01:03.610+0530","caller":"runtime/asm_amd64.s:1594","msg":"ERR::API::WEB::HOK : Unable to call webhook url :  \nPost \"http://127.0.0.1:55145\": EOF "}
{"level":"debug","time":"2022-12-13T14:01:05.259+0530","caller":"core/lifecycle.go:233","msg":"Control ws channel opened"}
{"level":"debug","time":"2022-12-13T14:01:05.259+0530","caller":"runtime/asm_amd64.s:1594","msg":"Tunnel registered message received on control channel"}
{"level":"debug","time":"2022-12-13T14:01:05.260+0530","caller":"runtime/asm_amd64.s:1594","msg":"Starting message listener on control connection"}
{"level":"debug","time":"2022-12-13T14:01:05.260+0530","caller":"runtime/asm_amd64.s:1594","msg":"controller bus registered"}
{"level":"debug","time":"2022-12-13T14:45:56.465+0530","caller":"cobra@v1.1.1/command.go:854","msg":"main: received interrupt signal - attempting graceful shutdown ...."}
{"level":"debug","time":"2022-12-13T14:45:56.465+0530","caller":"cobra@v1.1.1/command.go:854","msg":"main: telling goroutines to stop"}
{"level":"debug","time":"2022-12-13T14:45:56.466+0530","caller":"cmd/lt.go:211","msg":"Context cancelled"}
{"level":"info","time":"2022-12-13T14:45:56.466+0530","caller":"cmd/lt.go:211","msg":"Stopping tunnel"}
{"level":"debug","time":"2022-12-13T14:45:56.466+0530","caller":"runtime/asm_amd64.s:1594","msg":"Shutting down the callback agent"}
{"level":"debug","time":"2022-12-13T14:45:56.466+0530","caller":"runtime/asm_amd64.s:1594","msg":"Shutting down the server"}
{"level":"debug","time":"2022-12-13T14:45:56.466+0530","caller":"custom/setup.go:749","msg":"Exiting the sink proxy"}
{"level":"debug","time":"2022-12-13T14:45:56.467+0530","caller":"runtime/asm_amd64.s:1594","msg":"Unusual close error on control channel..."}
{"level":"debug","time":"2022-12-13T14:45:56.468+0530","caller":"runtime/asm_amd64.s:1594","msg":"Write loop ended for control channel"}
{"level":"debug","time":"2022-12-13T14:45:57.449+0530","caller":"runtime/asm_amd64.s:1594","msg":"Remote connection on remote port: 26072 closed, reason: EOF"}
{"level":"debug","time":"2022-12-13T14:47:35.298+0530","caller":"cmd/lt.go:120","msg":"File descriptor limit 61440"}
{"level":"info","time":"2022-12-13T14:47:35.509+0530","caller":"cobra@v1.1.1/command.go:854","msg":"LambdaTest Tunnel version: 3.1.25"}
{"level":"debug","time":"2022-12-13T14:47:35.509+0530","caller":"cmd/lt.go:211","msg":"Starting pipeline....."}
{"level":"debug","time":"2022-12-13T14:47:35.510+0530","caller":"cmd/lt.go:211","msg":"OS: darwin, Arch: amd64"}
{"level":"debug","time":"2022-12-13T14:47:35.510+0530","caller":"cmd/lt.go:211","msg":"Fetching config"}
{"level":"debug","time":"2022-12-13T14:47:35.510+0530","caller":"runtime/asm_amd64.s:1594","msg":"Starting tunnel With flags: --user shubhamr --key ***** --infoAPIPort 56491 --load-balanced --mitm --callbackURL http://127.0.0.1:56492 --shared-tunnel true --tunnelName RLWebRegressionTunnel"}
{"level":"debug","time":"2022-12-13T14:47:36.057+0530","caller":"cmd/lt.go:211","msg":"Remote config fetched"}
{"level":"debug","time":"2022-12-13T14:47:36.259+0530","caller":"runtime/asm_amd64.s:1594","msg":"Trying over ssh over ws"}
{"level":"debug","time":"2022-12-13T14:47:36.259+0530","caller":"runtime/asm_amd64.s:1594","msg":"Trying on port 22"}
{"level":"debug","time":"2022-12-13T14:47:36.259+0530","caller":"core/lifecycle.go:152","msg":"Starting API server"}
{"level":"debug","time":"2022-12-13T14:47:36.259+0530","caller":"runtime/asm_amd64.s:1594","msg":"Trying on port 443"}
{"level":"debug","time":"2022-12-13T14:47:36.259+0530","caller":"runtime/asm_amd64.s:1594","msg":"Starting the callback agent"}
{"level":"debug","time":"2022-12-13T14:47:36.259+0530","caller":"core/lifecycle.go:138","msg":"Starting sink proxy"}
{"level":"debug","time":"2022-12-13T14:47:36.261+0530","caller":"apiserver/setup.go:173","msg":"Starting API server for tunnel info on port: 56491"}
{"level":"info","time":"2022-12-13T14:47:36.261+0530","caller":"custom/setup.go:749","msg":"Tunnel binary started on port :9090"}
{"level":"debug","time":"2022-12-13T14:47:36.540+0530","caller":"runtime/asm_amd64.s:1594","msg":"WSS connection was successful"}
{"level":"debug","time":"2022-12-13T14:47:37.221+0530","caller":"runtime/asm_amd64.s:1594","msg":"SSH connection over port 443 successful"}
{"level":"debug","time":"2022-12-13T14:47:37.243+0530","caller":"runtime/asm_amd64.s:1594","msg":"SSH connection over port 22 successful"}
{"level":"debug","time":"2022-12-13T14:47:37.262+0530","caller":"runtime/asm_amd64.s:1594","msg":"SSH connection over ws successful"}
{"level":"info","time":"2022-12-13T14:47:37.263+0530","caller":"core/lifecycle.go:115","msg":"Using ssh(over_22) :: connection mode"}
{"level":"info","time":"2022-12-13T14:47:37.263+0530","caller":"cmd/lt.go:211","msg":"Launching tunnel"}
{"level":"debug","time":"2022-12-13T14:47:37.263+0530","caller":"core/lifecycle.go:233","msg":"Starting control ws connection at wss://ts.lambdatest.com/monitor"}
{"level":"debug","time":"2022-12-13T14:47:38.757+0530","caller":"core/lifecycle.go:233","msg":"Control ws channel opened"}
{"level":"debug","time":"2022-12-13T14:47:38.757+0530","caller":"runtime/asm_amd64.s:1594","msg":"Starting message listener on control connection"}
{"level":"debug","time":"2022-12-13T14:47:40.150+0530","caller":"runtime/asm_amd64.s:1594","msg":"Sending tunnel registered message to channels"}
{"level":"debug","time":"2022-12-13T14:47:40.150+0530","caller":"core/lifecycle.go:283","msg":"Using 5 ssh connection"}
{"level":"debug","time":"2022-12-13T14:47:40.151+0530","caller":"runtime/asm_amd64.s:1594","msg":"Tunnel registered message received on control channel"}
{"level":"debug","time":"2022-12-13T14:47:40.151+0530","caller":"runtime/asm_amd64.s:1594","msg":"controller bus registered"}
{"level":"debug","time":"2022-12-13T14:47:40.904+0530","caller":"runtime/asm_amd64.s:1594","msg":"Successfully started sshd listener on port: 24464"}
{"level":"debug","time":"2022-12-13T14:47:40.937+0530","caller":"runtime/asm_amd64.s:1594","msg":"Successfully started sshd listener on port: 28811"}
{"level":"info","time":"2022-12-13T14:47:40.937+0530","caller":"runtime/asm_amd64.s:1594","msg":"You can start testing now"}
{"level":"info","time":"2022-12-13T14:47:40.937+0530","caller":"runtime/asm_amd64.s:1594","msg":"Tunnel ID: 2769594"}
{"level":"debug","time":"2022-12-13T14:47:40.937+0530","caller":"runtime/asm_amd64.s:1594","msg":"Remote Listener Started on Port 25197"}
{"level":"debug","time":"2022-12-13T14:47:41.185+0530","caller":"runtime/asm_amd64.s:1594","msg":"Successfully started sshd listener on port: 16137"}
{"level":"debug","time":"2022-12-13T14:47:41.185+0530","caller":"runtime/asm_amd64.s:1594","msg":"Successfully started sshd listener on port: 9796"}
{"level":"debug","time":"2022-12-13T14:47:41.208+0530","caller":"runtime/asm_amd64.s:1594","msg":"Successfully started sshd listener on port: 8335"}
{"level":"error","time":"2022-12-13T14:47:41.927+0530","caller":"runtime/asm_amd64.s:1594","msg":"ERR::API::WEB::HOK : Unable to call webhook url :  \nPost \"http://127.0.0.1:56492\": EOF "}
{"level":"debug","time":"2022-12-13T15:25:19.764+0530","caller":"cobra@v1.1.1/command.go:854","msg":"main: received interrupt signal - attempting graceful shutdown ...."}
{"level":"debug","time":"2022-12-13T15:25:19.765+0530","caller":"cobra@v1.1.1/command.go:854","msg":"main: telling goroutines to stop"}
{"level":"debug","time":"2022-12-13T15:25:19.766+0530","caller":"cmd/lt.go:211","msg":"Context cancelled"}
{"level":"info","time":"2022-12-13T15:25:19.766+0530","caller":"cmd/lt.go:211","msg":"Stopping tunnel"}
{"level":"debug","time":"2022-12-13T15:25:19.766+0530","caller":"runtime/asm_amd64.s:1594","msg":"Shutting down the callback agent"}
{"level":"debug","time":"2022-12-13T15:25:19.766+0530","caller":"custom/setup.go:749","msg":"Exiting the sink proxy"}
{"level":"debug","time":"2022-12-13T15:25:19.769+0530","caller":"runtime/asm_amd64.s:1594","msg":"Unusual close error on control channel..."}
{"level":"debug","time":"2022-12-13T15:25:19.769+0530","caller":"runtime/asm_amd64.s:1594","msg":"Write loop ended for control channel"}
{"level":"debug","time":"2022-12-13T15:25:19.770+0530","caller":"runtime/asm_amd64.s:1594","msg":"Shutting down the server"}
{"level":"debug","time":"2022-12-13T15:25:20.838+0530","caller":"runtime/asm_amd64.s:1594","msg":"Remote connection on remote port: 16137 closed, reason: EOF"}
{"level":"debug","time":"2022-12-13T15:25:20.838+0530","caller":"runtime/asm_amd64.s:1594","msg":"Remote connection on remote port: 8335 closed, reason: EOF"}
{"level":"debug","time":"2022-12-13T15:25:20.838+0530","caller":"runtime/asm_amd64.s:1594","msg":"closed ssh connection with port 8335"}
{"level":"debug","time":"2022-12-13T15:25:20.838+0530","caller":"runtime/asm_amd64.s:1594","msg":"Remote connection on remote port: 24464 closed, reason: EOF"}
{"level":"debug","time":"2022-12-13T15:25:20.838+0530","caller":"runtime/asm_amd64.s:1594","msg":"closed ssh connection with port 24464"}
{"level":"debug","time":"2022-12-13T15:25:20.838+0530","caller":"runtime/asm_amd64.s:1594","msg":"Remote connection on remote port: 28811 closed, reason: EOF"}
{"level":"debug","time":"2022-12-13T15:25:20.838+0530","caller":"runtime/asm_amd64.s:1594","msg":"Remote connection on remote port: 9796 closed, reason: EOF"}
{"level":"debug","time":"2022-12-13T15:25:20.838+0530","caller":"runtime/asm_amd64.s:1594","msg":"closed ssh connection with port 28811"}
{"level":"debug","time":"2022-12-13T15:25:20.839+0530","caller":"runtime/asm_amd64.s:1594","msg":"closed ssh connection with port 9796"}
{"level":"debug","time":"2022-12-13T15:25:20.838+0530","caller":"runtime/asm_amd64.s:1594","msg":"closed ssh connection with port 16137"}
{"level":"debug","time":"2022-12-13T16:00:15.619+0530","caller":"cmd/lt.go:120","msg":"File descriptor limit 61440"}
{"level":"info","time":"2022-12-13T16:00:15.940+0530","caller":"cobra@v1.1.1/command.go:854","msg":"LambdaTest Tunnel version: 3.1.25"}
{"level":"debug","time":"2022-12-13T16:00:15.940+0530","caller":"cmd/lt.go:211","msg":"Starting pipeline....."}
{"level":"debug","time":"2022-12-13T16:00:15.941+0530","caller":"cmd/lt.go:211","msg":"OS: darwin, Arch: amd64"}
{"level":"debug","time":"2022-12-13T16:00:15.941+0530","caller":"cmd/lt.go:211","msg":"Fetching config"}
{"level":"debug","time":"2022-12-13T16:00:15.941+0530","caller":"runtime/asm_amd64.s:1594","msg":"Starting tunnel With flags: --user shubhamr --key ***** --infoAPIPort 60172 --load-balanced --mitm --callbackURL http://127.0.0.1:60173 --shared-tunnel true --tunnelName RLWebRegressionTunnel"}
{"level":"debug","time":"2022-12-13T16:00:16.456+0530","caller":"cmd/lt.go:211","msg":"Remote config fetched"}
{"level":"debug","time":"2022-12-13T16:00:16.670+0530","caller":"runtime/asm_amd64.s:1594","msg":"Starting the callback agent"}
{"level":"debug","time":"2022-12-13T16:00:16.670+0530","caller":"runtime/asm_amd64.s:1594","msg":"Trying over ssh over ws"}
{"level":"debug","time":"2022-12-13T16:00:16.670+0530","caller":"runtime/asm_amd64.s:1594","msg":"Trying on port 443"}
{"level":"debug","time":"2022-12-13T16:00:16.670+0530","caller":"core/lifecycle.go:138","msg":"Starting sink proxy"}
{"level":"debug","time":"2022-12-13T16:00:16.670+0530","caller":"runtime/asm_amd64.s:1594","msg":"Trying on port 22"}
{"level":"debug","time":"2022-12-13T16:00:16.670+0530","caller":"core/lifecycle.go:152","msg":"Starting API server"}
{"level":"debug","time":"2022-12-13T16:00:16.672+0530","caller":"apiserver/setup.go:173","msg":"Starting API server for tunnel info on port: 60172"}
{"level":"warn","time":"2022-12-13T16:00:16.672+0530","caller":"custom/setup.go:749","msg":"Port 9090 is already in use. Trying on a random free tcp port."}
{"level":"info","time":"2022-12-13T16:00:16.673+0530","caller":"custom/setup.go:749","msg":"Tunnel binary started on port :60250"}
{"level":"debug","time":"2022-12-13T16:00:16.794+0530","caller":"runtime/asm_amd64.s:1594","msg":"WSS connection was successful"}
{"level":"debug","time":"2022-12-13T16:00:17.482+0530","caller":"runtime/asm_amd64.s:1594","msg":"SSH connection over port 22 successful"}
{"level":"debug","time":"2022-12-13T16:00:17.488+0530","caller":"runtime/asm_amd64.s:1594","msg":"SSH connection over ws successful"}
{"level":"debug","time":"2022-12-13T16:00:17.523+0530","caller":"runtime/asm_amd64.s:1594","msg":"SSH connection over port 443 successful"}
{"level":"info","time":"2022-12-13T16:00:17.524+0530","caller":"core/lifecycle.go:115","msg":"Using ssh(over_22) :: connection mode"}
{"level":"info","time":"2022-12-13T16:00:17.524+0530","caller":"cmd/lt.go:211","msg":"Launching tunnel"}
{"level":"debug","time":"2022-12-13T16:00:17.524+0530","caller":"core/lifecycle.go:233","msg":"Starting control ws connection at wss://ts.lambdatest.com/monitor"}
{"level":"debug","time":"2022-12-13T16:00:17.691+0530","caller":"core/lifecycle.go:233","msg":"Control ws channel opened"}
{"level":"debug","time":"2022-12-13T16:00:17.691+0530","caller":"runtime/asm_amd64.s:1594","msg":"Starting message listener on control connection"}
{"level":"debug","time":"2022-12-13T16:00:19.191+0530","caller":"runtime/asm_amd64.s:1594","msg":"Sending tunnel registered message to channels"}
{"level":"debug","time":"2022-12-13T16:00:19.191+0530","caller":"runtime/asm_amd64.s:1594","msg":"Tunnel registered message received on control channel"}
{"level":"debug","time":"2022-12-13T16:00:19.192+0530","caller":"runtime/asm_amd64.s:1594","msg":"controller bus registered"}
{"level":"debug","time":"2022-12-13T16:00:19.191+0530","caller":"core/lifecycle.go:283","msg":"Using 5 ssh connection"}
{"level":"debug","time":"2022-12-13T16:00:20.116+0530","caller":"runtime/asm_amd64.s:1594","msg":"Successfully started sshd listener on port: 29671"}
{"level":"debug","time":"2022-12-13T16:00:20.116+0530","caller":"runtime/asm_amd64.s:1594","msg":"Successfully started sshd listener on port: 29903"}
{"level":"debug","time":"2022-12-13T16:00:20.116+0530","caller":"runtime/asm_amd64.s:1594","msg":"Successfully started sshd listener on port: 28804"}
{"level":"info","time":"2022-12-13T16:00:20.116+0530","caller":"runtime/asm_amd64.s:1594","msg":"You can start testing now"}
{"level":"info","time":"2022-12-13T16:00:20.117+0530","caller":"runtime/asm_amd64.s:1594","msg":"Tunnel ID: 2770146"}
{"level":"debug","time":"2022-12-13T16:00:20.117+0530","caller":"runtime/asm_amd64.s:1594","msg":"Remote Listener Started on Port 11560"}
{"level":"debug","time":"2022-12-13T16:00:20.249+0530","caller":"runtime/asm_amd64.s:1594","msg":"Successfully started sshd listener on port: 4395"}
{"level":"debug","time":"2022-12-13T16:00:20.262+0530","caller":"runtime/asm_amd64.s:1594","msg":"Successfully started sshd listener on port: 8145"}
{"level":"error","time":"2022-12-13T16:00:20.881+0530","caller":"runtime/asm_amd64.s:1594","msg":"ERR::API::WEB::HOK : Unable to call webhook url :  \nPost \"http://127.0.0.1:60173\": EOF "}
{"level":"debug","time":"2022-12-13T16:52:25.931+0530","caller":"cobra@v1.1.1/command.go:854","msg":"main: received interrupt signal - attempting graceful shutdown ...."}
{"level":"debug","time":"2022-12-13T16:52:25.931+0530","caller":"cobra@v1.1.1/command.go:854","msg":"main: telling goroutines to stop"}
{"level":"debug","time":"2022-12-13T16:52:25.932+0530","caller":"runtime/asm_amd64.s:1594","msg":"Shutting down the callback agent"}
{"level":"debug","time":"2022-12-13T16:52:25.932+0530","caller":"cmd/lt.go:211","msg":"Context cancelled"}
{"level":"info","time":"2022-12-13T16:52:25.932+0530","caller":"cmd/lt.go:211","msg":"Stopping tunnel"}
{"level":"debug","time":"2022-12-13T16:52:25.933+0530","caller":"custom/setup.go:749","msg":"Exiting the sink proxy"}
{"level":"debug","time":"2022-12-13T16:52:25.935+0530","caller":"runtime/asm_amd64.s:1594","msg":"Unusual close error on control channel..."}
{"level":"debug","time":"2022-12-13T16:52:25.937+0530","caller":"runtime/asm_amd64.s:1594","msg":"Shutting down the server"}
{"level":"debug","time":"2022-12-13T16:52:25.939+0530","caller":"runtime/asm_amd64.s:1594","msg":"Write loop ended for control channel"}
{"level":"debug","time":"2022-12-13T16:52:26.850+0530","caller":"runtime/asm_amd64.s:1594","msg":"Remote connection on remote port: 28804 closed, reason: EOF"}
{"level":"debug","time":"2022-12-13T16:52:26.850+0530","caller":"runtime/asm_amd64.s:1594","msg":"Remote connection on remote port: 8145 closed, reason: EOF"}
{"level":"debug","time":"2022-12-13T16:52:26.850+0530","caller":"runtime/asm_amd64.s:1594","msg":"Remote connection on remote port: 4395 closed, reason: EOF"}
{"level":"debug","time":"2022-12-13T16:52:26.850+0530","caller":"runtime/asm_amd64.s:1594","msg":"Remote connection on remote port: 29903 closed, reason: EOF"}
{"level":"debug","time":"2022-12-13T16:52:26.850+0530","caller":"runtime/asm_amd64.s:1594","msg":"Remote connection on remote port: 29671 closed, reason: EOF"}
{"level":"debug","time":"2022-12-13T16:52:26.852+0530","caller":"runtime/asm_amd64.s:1594","msg":"closed ssh connection with port 8145"}
{"level":"debug","time":"2022-12-13T16:52:26.852+0530","caller":"runtime/asm_amd64.s:1594","msg":"closed ssh connection with port 29903"}
{"level":"debug","time":"2022-12-13T16:52:26.852+0530","caller":"runtime/asm_amd64.s:1594","msg":"closed ssh connection with port 4395"}
{"level":"debug","time":"2022-12-13T16:52:26.852+0530","caller":"runtime/asm_amd64.s:1594","msg":"closed ssh connection with port 29671"}
{"level":"debug","time":"2022-12-13T16:52:26.853+0530","caller":"runtime/asm_amd64.s:1594","msg":"closed ssh connection with port 28804"}
{"level":"debug","time":"2022-12-13T19:46:41.912+0530","caller":"cmd/lt.go:120","msg":"File descriptor limit 61440"}
{"level":"info","time":"2022-12-13T19:46:42.200+0530","caller":"cobra@v1.1.1/command.go:854","msg":"LambdaTest Tunnel version: 3.1.25"}
{"level":"debug","time":"2022-12-13T19:46:42.201+0530","caller":"cmd/lt.go:211","msg":"Starting pipeline....."}
{"level":"debug","time":"2022-12-13T19:46:42.201+0530","caller":"cmd/lt.go:211","msg":"OS: darwin, Arch: amd64"}
{"level":"debug","time":"2022-12-13T19:46:42.201+0530","caller":"cmd/lt.go:211","msg":"Fetching config"}
{"level":"debug","time":"2022-12-13T19:46:42.201+0530","caller":"runtime/asm_amd64.s:1594","msg":"Starting tunnel With flags: --user shubhamr --key ***** --infoAPIPort 57341 --load-balanced --mitm --callbackURL http://127.0.0.1:57342 --shared-tunnel true --tunnelName RLWebRegressionTunnel"}
{"level":"debug","time":"2022-12-13T19:46:42.719+0530","caller":"cmd/lt.go:211","msg":"Remote config fetched"}
{"level":"debug","time":"2022-12-13T19:46:42.929+0530","caller":"core/lifecycle.go:138","msg":"Starting sink proxy"}
{"level":"debug","time":"2022-12-13T19:46:42.929+0530","caller":"core/lifecycle.go:152","msg":"Starting API server"}
{"level":"debug","time":"2022-12-13T19:46:42.930+0530","caller":"apiserver/setup.go:173","msg":"Starting API server for tunnel info on port: 57341"}
{"level":"debug","time":"2022-12-13T19:46:42.929+0530","caller":"runtime/asm_amd64.s:1594","msg":"Trying on port 443"}
{"level":"debug","time":"2022-12-13T19:46:42.930+0530","caller":"runtime/asm_amd64.s:1594","msg":"Starting the callback agent"}
{"level":"debug","time":"2022-12-13T19:46:42.929+0530","caller":"runtime/asm_amd64.s:1594","msg":"Trying on port 22"}
{"level":"debug","time":"2022-12-13T19:46:42.929+0530","caller":"runtime/asm_amd64.s:1594","msg":"Trying over ssh over ws"}
{"level":"info","time":"2022-12-13T19:46:42.932+0530","caller":"custom/setup.go:749","msg":"Tunnel binary started on port :9090"}
{"level":"debug","time":"2022-12-13T19:46:43.039+0530","caller":"runtime/asm_amd64.s:1594","msg":"WSS connection was successful"}
{"level":"debug","time":"2022-12-13T19:46:43.790+0530","caller":"runtime/asm_amd64.s:1594","msg":"SSH connection over port 443 successful"}
{"level":"debug","time":"2022-12-13T19:46:43.821+0530","caller":"runtime/asm_amd64.s:1594","msg":"SSH connection over ws successful"}
{"level":"debug","time":"2022-12-13T19:46:43.821+0530","caller":"runtime/asm_amd64.s:1594","msg":"SSH connection over port 22 successful"}
{"level":"info","time":"2022-12-13T19:46:43.822+0530","caller":"core/lifecycle.go:115","msg":"Using ssh(over_22) :: connection mode"}
{"level":"info","time":"2022-12-13T19:46:43.822+0530","caller":"cmd/lt.go:211","msg":"Launching tunnel"}
{"level":"debug","time":"2022-12-13T19:46:43.822+0530","caller":"core/lifecycle.go:233","msg":"Starting control ws connection at wss://ts.lambdatest.com/monitor"}
{"level":"debug","time":"2022-12-13T19:46:43.944+0530","caller":"core/lifecycle.go:233","msg":"Control ws channel opened"}
{"level":"debug","time":"2022-12-13T19:46:43.944+0530","caller":"runtime/asm_amd64.s:1594","msg":"Starting message listener on control connection"}
{"level":"debug","time":"2022-12-13T19:46:45.448+0530","caller":"runtime/asm_amd64.s:1594","msg":"Sending tunnel registered message to channels"}
{"level":"debug","time":"2022-12-13T19:46:45.448+0530","caller":"core/lifecycle.go:283","msg":"Using 5 ssh connection"}
{"level":"debug","time":"2022-12-13T19:46:45.448+0530","caller":"runtime/asm_amd64.s:1594","msg":"Tunnel registered message received on control channel"}
{"level":"debug","time":"2022-12-13T19:46:45.449+0530","caller":"runtime/asm_amd64.s:1594","msg":"controller bus registered"}
{"level":"debug","time":"2022-12-13T19:46:46.257+0530","caller":"runtime/asm_amd64.s:1594","msg":"Successfully started sshd listener on port: 15836"}
{"level":"debug","time":"2022-12-13T19:46:46.292+0530","caller":"runtime/asm_amd64.s:1594","msg":"Successfully started sshd listener on port: 26709"}
{"level":"info","time":"2022-12-13T19:46:46.292+0530","caller":"runtime/asm_amd64.s:1594","msg":"You can start testing now"}
{"level":"info","time":"2022-12-13T19:46:46.292+0530","caller":"runtime/asm_amd64.s:1594","msg":"Tunnel ID: 2771658"}
{"level":"debug","time":"2022-12-13T19:46:46.292+0530","caller":"runtime/asm_amd64.s:1594","msg":"Remote Listener Started on Port 31935"}
{"level":"debug","time":"2022-12-13T19:46:46.299+0530","caller":"runtime/asm_amd64.s:1594","msg":"Successfully started sshd listener on port: 26133"}
{"level":"debug","time":"2022-12-13T19:46:46.346+0530","caller":"runtime/asm_amd64.s:1594","msg":"Successfully started sshd listener on port: 27265"}
{"level":"debug","time":"2022-12-13T19:46:46.385+0530","caller":"runtime/asm_amd64.s:1594","msg":"Successfully started sshd listener on port: 21025"}
{"level":"error","time":"2022-12-13T19:46:47.563+0530","caller":"runtime/asm_amd64.s:1594","msg":"ERR::API::WEB::HOK : Unable to call webhook url :  \nPost \"http://127.0.0.1:57342\": EOF "}
